   1               		.file	"fonts.c"
   2               	__SP_H__ = 0x3e
   3               	__SP_L__ = 0x3d
   4               	__SREG__ = 0x3f
   5               	__tmp_reg__ = 0
   6               	__zero_reg__ = 1
   7               		.text
   8               	.Ltext0:
   9               		.cfi_sections	.debug_frame
  10               	.global	DotDigital7table
  11               		.section	.progmem.data,"a",@progbits
  14               	DotDigital7table:
  15 0000 70        		.byte	112
  16 0001 88        		.byte	-120
  17 0002 98        		.byte	-104
  18 0003 A8        		.byte	-88
  19 0004 C8        		.byte	-56
  20 0005 88        		.byte	-120
  21 0006 70        		.byte	112
  22 0007 20        		.byte	32
  23 0008 60        		.byte	96
  24 0009 A0        		.byte	-96
  25 000a 20        		.byte	32
  26 000b 20        		.byte	32
  27 000c 20        		.byte	32
  28 000d F8        		.byte	-8
  29 000e 70        		.byte	112
  30 000f 88        		.byte	-120
  31 0010 08        		.byte	8
  32 0011 30        		.byte	48
  33 0012 40        		.byte	64
  34 0013 80        		.byte	-128
  35 0014 F8        		.byte	-8
  36 0015 70        		.byte	112
  37 0016 88        		.byte	-120
  38 0017 08        		.byte	8
  39 0018 30        		.byte	48
  40 0019 08        		.byte	8
  41 001a 88        		.byte	-120
  42 001b 70        		.byte	112
  43 001c 30        		.byte	48
  44 001d 50        		.byte	80
  45 001e 90        		.byte	-112
  46 001f F8        		.byte	-8
  47 0020 10        		.byte	16
  48 0021 10        		.byte	16
  49 0022 10        		.byte	16
  50 0023 F8        		.byte	-8
  51 0024 80        		.byte	-128
  52 0025 80        		.byte	-128
  53 0026 F0        		.byte	-16
  54 0027 08        		.byte	8
  55 0028 08        		.byte	8
  56 0029 F0        		.byte	-16
  57 002a 70        		.byte	112
  58 002b 88        		.byte	-120
  59 002c 80        		.byte	-128
  60 002d F0        		.byte	-16
  61 002e 88        		.byte	-120
  62 002f 88        		.byte	-120
  63 0030 70        		.byte	112
  64 0031 F8        		.byte	-8
  65 0032 88        		.byte	-120
  66 0033 08        		.byte	8
  67 0034 10        		.byte	16
  68 0035 20        		.byte	32
  69 0036 20        		.byte	32
  70 0037 20        		.byte	32
  71 0038 70        		.byte	112
  72 0039 88        		.byte	-120
  73 003a 88        		.byte	-120
  74 003b 70        		.byte	112
  75 003c 88        		.byte	-120
  76 003d 88        		.byte	-120
  77 003e 70        		.byte	112
  78 003f 70        		.byte	112
  79 0040 88        		.byte	-120
  80 0041 88        		.byte	-120
  81 0042 78        		.byte	120
  82 0043 08        		.byte	8
  83 0044 88        		.byte	-120
  84 0045 70        		.byte	112
  85               	.global	TripleDotDigital15table
  88               	TripleDotDigital15table:
  89 0046 7F        		.byte	127
  90 0047 C0        		.byte	-64
  91 0048 FF        		.byte	-1
  92 0049 E0        		.byte	-32
  93 004a FF        		.byte	-1
  94 004b E0        		.byte	-32
  95 004c E0        		.byte	-32
  96 004d E0        		.byte	-32
  97 004e E1        		.byte	-31
  98 004f E0        		.byte	-32
  99 0050 E3        		.byte	-29
 100 0051 E0        		.byte	-32
 101 0052 E7        		.byte	-25
 102 0053 E0        		.byte	-32
 103 0054 EE        		.byte	-18
 104 0055 E0        		.byte	-32
 105 0056 FC        		.byte	-4
 106 0057 E0        		.byte	-32
 107 0058 F8        		.byte	-8
 108 0059 E0        		.byte	-32
 109 005a F0        		.byte	-16
 110 005b E0        		.byte	-32
 111 005c E0        		.byte	-32
 112 005d E0        		.byte	-32
 113 005e FF        		.byte	-1
 114 005f E0        		.byte	-32
 115 0060 FF        		.byte	-1
 116 0061 E0        		.byte	-32
 117 0062 7F        		.byte	127
 118 0063 C0        		.byte	-64
 119 0064 FE        		.byte	-2
 120 0065 00        		.byte	0
 121 0066 FE        		.byte	-2
 122 0067 00        		.byte	0
 123 0068 FE        		.byte	-2
 124 0069 00        		.byte	0
 125 006a 0E        		.byte	14
 126 006b 00        		.byte	0
 127 006c 0E        		.byte	14
 128 006d 00        		.byte	0
 129 006e 0E        		.byte	14
 130 006f 00        		.byte	0
 131 0070 0E        		.byte	14
 132 0071 00        		.byte	0
 133 0072 0E        		.byte	14
 134 0073 00        		.byte	0
 135 0074 0E        		.byte	14
 136 0075 00        		.byte	0
 137 0076 0E        		.byte	14
 138 0077 00        		.byte	0
 139 0078 0E        		.byte	14
 140 0079 00        		.byte	0
 141 007a 0E        		.byte	14
 142 007b 00        		.byte	0
 143 007c FF        		.byte	-1
 144 007d E0        		.byte	-32
 145 007e FF        		.byte	-1
 146 007f E0        		.byte	-32
 147 0080 FF        		.byte	-1
 148 0081 E0        		.byte	-32
 149 0082 7F        		.byte	127
 150 0083 C0        		.byte	-64
 151 0084 FF        		.byte	-1
 152 0085 E0        		.byte	-32
 153 0086 FF        		.byte	-1
 154 0087 E0        		.byte	-32
 155 0088 E0        		.byte	-32
 156 0089 E0        		.byte	-32
 157 008a 00        		.byte	0
 158 008b E0        		.byte	-32
 159 008c 00        		.byte	0
 160 008d E0        		.byte	-32
 161 008e 7F        		.byte	127
 162 008f E0        		.byte	-32
 163 0090 FF        		.byte	-1
 164 0091 E0        		.byte	-32
 165 0092 FF        		.byte	-1
 166 0093 C0        		.byte	-64
 167 0094 E0        		.byte	-32
 168 0095 00        		.byte	0
 169 0096 E0        		.byte	-32
 170 0097 00        		.byte	0
 171 0098 E0        		.byte	-32
 172 0099 00        		.byte	0
 173 009a FF        		.byte	-1
 174 009b E0        		.byte	-32
 175 009c FF        		.byte	-1
 176 009d E0        		.byte	-32
 177 009e FF        		.byte	-1
 178 009f E0        		.byte	-32
 179 00a0 7F        		.byte	127
 180 00a1 C0        		.byte	-64
 181 00a2 FF        		.byte	-1
 182 00a3 E0        		.byte	-32
 183 00a4 FF        		.byte	-1
 184 00a5 E0        		.byte	-32
 185 00a6 E0        		.byte	-32
 186 00a7 E0        		.byte	-32
 187 00a8 00        		.byte	0
 188 00a9 E0        		.byte	-32
 189 00aa 00        		.byte	0
 190 00ab E0        		.byte	-32
 191 00ac 1F        		.byte	31
 192 00ad E0        		.byte	-32
 193 00ae 1F        		.byte	31
 194 00af C0        		.byte	-64
 195 00b0 1F        		.byte	31
 196 00b1 E0        		.byte	-32
 197 00b2 00        		.byte	0
 198 00b3 E0        		.byte	-32
 199 00b4 00        		.byte	0
 200 00b5 E0        		.byte	-32
 201 00b6 E0        		.byte	-32
 202 00b7 E0        		.byte	-32
 203 00b8 FF        		.byte	-1
 204 00b9 E0        		.byte	-32
 205 00ba FF        		.byte	-1
 206 00bb E0        		.byte	-32
 207 00bc 7F        		.byte	127
 208 00bd C0        		.byte	-64
 209 00be E0        		.byte	-32
 210 00bf E0        		.byte	-32
 211 00c0 E0        		.byte	-32
 212 00c1 E0        		.byte	-32
 213 00c2 E0        		.byte	-32
 214 00c3 E0        		.byte	-32
 215 00c4 E0        		.byte	-32
 216 00c5 E0        		.byte	-32
 217 00c6 E0        		.byte	-32
 218 00c7 E0        		.byte	-32
 219 00c8 E0        		.byte	-32
 220 00c9 E0        		.byte	-32
 221 00ca FF        		.byte	-1
 222 00cb E0        		.byte	-32
 223 00cc FF        		.byte	-1
 224 00cd E0        		.byte	-32
 225 00ce FF        		.byte	-1
 226 00cf E0        		.byte	-32
 227 00d0 00        		.byte	0
 228 00d1 E0        		.byte	-32
 229 00d2 00        		.byte	0
 230 00d3 E0        		.byte	-32
 231 00d4 00        		.byte	0
 232 00d5 E0        		.byte	-32
 233 00d6 00        		.byte	0
 234 00d7 E0        		.byte	-32
 235 00d8 00        		.byte	0
 236 00d9 E0        		.byte	-32
 237 00da 00        		.byte	0
 238 00db E0        		.byte	-32
 239 00dc FF        		.byte	-1
 240 00dd E0        		.byte	-32
 241 00de FF        		.byte	-1
 242 00df E0        		.byte	-32
 243 00e0 FF        		.byte	-1
 244 00e1 E0        		.byte	-32
 245 00e2 E0        		.byte	-32
 246 00e3 00        		.byte	0
 247 00e4 E0        		.byte	-32
 248 00e5 00        		.byte	0
 249 00e6 E0        		.byte	-32
 250 00e7 00        		.byte	0
 251 00e8 FF        		.byte	-1
 252 00e9 C0        		.byte	-64
 253 00ea FF        		.byte	-1
 254 00eb E0        		.byte	-32
 255 00ec FF        		.byte	-1
 256 00ed E0        		.byte	-32
 257 00ee 00        		.byte	0
 258 00ef E0        		.byte	-32
 259 00f0 00        		.byte	0
 260 00f1 E0        		.byte	-32
 261 00f2 E0        		.byte	-32
 262 00f3 E0        		.byte	-32
 263 00f4 FF        		.byte	-1
 264 00f5 E0        		.byte	-32
 265 00f6 FF        		.byte	-1
 266 00f7 E0        		.byte	-32
 267 00f8 7F        		.byte	127
 268 00f9 C0        		.byte	-64
 269 00fa 7F        		.byte	127
 270 00fb C0        		.byte	-64
 271 00fc FF        		.byte	-1
 272 00fd E0        		.byte	-32
 273 00fe FF        		.byte	-1
 274 00ff E0        		.byte	-32
 275 0100 E0        		.byte	-32
 276 0101 E0        		.byte	-32
 277 0102 E0        		.byte	-32
 278 0103 00        		.byte	0
 279 0104 E0        		.byte	-32
 280 0105 00        		.byte	0
 281 0106 FF        		.byte	-1
 282 0107 C0        		.byte	-64
 283 0108 FF        		.byte	-1
 284 0109 E0        		.byte	-32
 285 010a FF        		.byte	-1
 286 010b E0        		.byte	-32
 287 010c E0        		.byte	-32
 288 010d E0        		.byte	-32
 289 010e E0        		.byte	-32
 290 010f E0        		.byte	-32
 291 0110 E0        		.byte	-32
 292 0111 E0        		.byte	-32
 293 0112 FF        		.byte	-1
 294 0113 E0        		.byte	-32
 295 0114 FF        		.byte	-1
 296 0115 E0        		.byte	-32
 297 0116 7F        		.byte	127
 298 0117 C0        		.byte	-64
 299 0118 FF        		.byte	-1
 300 0119 E0        		.byte	-32
 301 011a FF        		.byte	-1
 302 011b E0        		.byte	-32
 303 011c FF        		.byte	-1
 304 011d E0        		.byte	-32
 305 011e 00        		.byte	0
 306 011f E0        		.byte	-32
 307 0120 00        		.byte	0
 308 0121 E0        		.byte	-32
 309 0122 00        		.byte	0
 310 0123 E0        		.byte	-32
 311 0124 00        		.byte	0
 312 0125 E0        		.byte	-32
 313 0126 00        		.byte	0
 314 0127 E0        		.byte	-32
 315 0128 00        		.byte	0
 316 0129 E0        		.byte	-32
 317 012a 00        		.byte	0
 318 012b E0        		.byte	-32
 319 012c 00        		.byte	0
 320 012d E0        		.byte	-32
 321 012e 00        		.byte	0
 322 012f E0        		.byte	-32
 323 0130 00        		.byte	0
 324 0131 E0        		.byte	-32
 325 0132 00        		.byte	0
 326 0133 E0        		.byte	-32
 327 0134 00        		.byte	0
 328 0135 E0        		.byte	-32
 329 0136 7F        		.byte	127
 330 0137 C0        		.byte	-64
 331 0138 FF        		.byte	-1
 332 0139 E0        		.byte	-32
 333 013a FF        		.byte	-1
 334 013b E0        		.byte	-32
 335 013c E0        		.byte	-32
 336 013d E0        		.byte	-32
 337 013e E0        		.byte	-32
 338 013f E0        		.byte	-32
 339 0140 E0        		.byte	-32
 340 0141 E0        		.byte	-32
 341 0142 FF        		.byte	-1
 342 0143 E0        		.byte	-32
 343 0144 7F        		.byte	127
 344 0145 C0        		.byte	-64
 345 0146 FF        		.byte	-1
 346 0147 E0        		.byte	-32
 347 0148 E0        		.byte	-32
 348 0149 E0        		.byte	-32
 349 014a E0        		.byte	-32
 350 014b E0        		.byte	-32
 351 014c E0        		.byte	-32
 352 014d E0        		.byte	-32
 353 014e FF        		.byte	-1
 354 014f E0        		.byte	-32
 355 0150 FF        		.byte	-1
 356 0151 E0        		.byte	-32
 357 0152 7F        		.byte	127
 358 0153 C0        		.byte	-64
 359 0154 7F        		.byte	127
 360 0155 C0        		.byte	-64
 361 0156 FF        		.byte	-1
 362 0157 E0        		.byte	-32
 363 0158 FF        		.byte	-1
 364 0159 E0        		.byte	-32
 365 015a E0        		.byte	-32
 366 015b E0        		.byte	-32
 367 015c E0        		.byte	-32
 368 015d E0        		.byte	-32
 369 015e E0        		.byte	-32
 370 015f E0        		.byte	-32
 371 0160 FF        		.byte	-1
 372 0161 E0        		.byte	-32
 373 0162 FF        		.byte	-1
 374 0163 E0        		.byte	-32
 375 0164 7F        		.byte	127
 376 0165 E0        		.byte	-32
 377 0166 00        		.byte	0
 378 0167 E0        		.byte	-32
 379 0168 00        		.byte	0
 380 0169 E0        		.byte	-32
 381 016a E0        		.byte	-32
 382 016b E0        		.byte	-32
 383 016c FF        		.byte	-1
 384 016d E0        		.byte	-32
 385 016e FF        		.byte	-1
 386 016f E0        		.byte	-32
 387 0170 7F        		.byte	127
 388 0171 C0        		.byte	-64
 389               		.text
 390               	.Letext0:
 391               		.file 1 "../drivers/fonts.c"
 392               		.file 2 "/usr/lib/avr/include/stdint.h"
DEFINED SYMBOLS
                            *ABS*:0000000000000000 fonts.c
     /tmp/cccBgHrf.s:2      *ABS*:000000000000003e __SP_H__
     /tmp/cccBgHrf.s:3      *ABS*:000000000000003d __SP_L__
     /tmp/cccBgHrf.s:4      *ABS*:000000000000003f __SREG__
     /tmp/cccBgHrf.s:5      *ABS*:0000000000000000 __tmp_reg__
     /tmp/cccBgHrf.s:6      *ABS*:0000000000000001 __zero_reg__
     /tmp/cccBgHrf.s:14     .progmem.data:0000000000000000 DotDigital7table
     /tmp/cccBgHrf.s:88     .progmem.data:0000000000000046 TripleDotDigital15table

NO UNDEFINED SYMBOLS
